[2012-02-29 13:08:59] SELECT `id` , `parent_id` , `position` , `left` , `right` , `level` , `title` , `type` FROM `tree` WHERE `parent_id` = 1 ORDER BY `position` ASC <No database selected>
[2012-02-29 13:08:59] No query pending <No database selected>
[2012-02-29 13:08:59] TRUNCATE TABLE `tree` <No database selected>
[2012-02-29 13:08:59] INSERT INTO `tree` (`id`, `parent_id`, `position`, `left`, `right`, `level` ) VALUES (1, 0, 0, 1, 2, 0 ) <No database selected>
[2012-02-29 13:08:59] SELECT `id` , `parent_id` , `position` , `left` , `right` , `level` , `title` , `type` FROM `tree` WHERE `id` = 0 <No database selected>
[2012-02-29 13:08:59] No query pending <No database selected>
[2012-02-29 13:08:59] nf: no result set <No database selected>
[2012-02-29 13:08:59] SELECT `id` , `parent_id` , `position` , `left` , `right` , `level` , `title` , `type` FROM `tree` WHERE `parent_id` = 0 ORDER BY `position` ASC <No database selected>
[2012-02-29 13:08:59] No query pending <No database selected>
[2012-02-29 13:08:59] SELECT `id` , `parent_id` , `position` , `left` , `right` , `level` , `title` , `type` FROM `tree` WHERE `id` = 1 <No database selected>
[2012-02-29 13:08:59] No query pending <No database selected>
[2012-02-29 13:08:59] nf: no result set <No database selected>
[2012-02-29 13:08:59] SELECT `id` , `parent_id` , `position` , `left` , `right` , `level` , `title` , `type` FROM `tree` WHERE `parent_id` = 1 ORDER BY `position` ASC <No database selected>
[2012-02-29 13:08:59] No query pending <No database selected>
[2012-02-29 13:08:59] UPDATE `tree` SET `position` = `position` + 1 WHERE `parent_id` = 1 AND `position` >= 0  AND `id` NOT IN (-1)  <No database selected>
[2012-02-29 13:08:59] UPDATE `tree` SET `left` = `left` + 2 WHERE `left` >= 1  AND `id` NOT IN (-1)  <No database selected>
[2012-02-29 13:08:59] UPDATE `tree` SET `right` = `right` + 2 WHERE `right` >= 1  AND `id` NOT IN (-1)  <No database selected>
[2012-02-29 13:08:59] INSERT INTO `tree` (`parent_id`, `position`, `left`, `right`, `level` ) VALUES (1, 0, 1, 2, 1) <No database selected>
[2012-02-29 13:08:59] SELECT `id` , `parent_id` , `position` , `left` , `right` , `level` , `title` , `type` FROM `tree` WHERE `id` = 0 <No database selected>
[2012-02-29 13:08:59] No query pending <No database selected>
[2012-02-29 13:08:59] nf: no result set <No database selected>
[2012-02-29 13:08:59] SELECT `id` , `parent_id` , `position` , `left` , `right` , `level` , `title` , `type` FROM `tree` WHERE `parent_id` = 0 ORDER BY `position` ASC <No database selected>
[2012-02-29 13:08:59] No query pending <No database selected>
[2012-02-29 13:08:59] SELECT `id` , `parent_id` , `position` , `left` , `right` , `level` , `title` , `type` FROM `tree` WHERE `id` = 1 <No database selected>
[2012-02-29 13:08:59] No query pending <No database selected>
[2012-02-29 13:08:59] nf: no result set <No database selected>
[2012-02-29 13:08:59] SELECT `id` , `parent_id` , `position` , `left` , `right` , `level` , `title` , `type` FROM `tree` WHERE `parent_id` = 1 ORDER BY `position` ASC <No database selected>
[2012-02-29 13:08:59] No query pending <No database selected>
[2012-02-29 13:08:59] UPDATE `tree` SET `position` = `position` + 1 WHERE `parent_id` = 1 AND `position` >= 0  AND `id` NOT IN (-1)  <No database selected>
[2012-02-29 13:08:59] UPDATE `tree` SET `left` = `left` + 2 WHERE `left` >= 1  AND `id` NOT IN (-1)  <No database selected>
[2012-02-29 13:08:59] UPDATE `tree` SET `right` = `right` + 2 WHERE `right` >= 1  AND `id` NOT IN (-1)  <No database selected>
[2012-02-29 13:08:59] INSERT INTO `tree` (`parent_id`, `position`, `left`, `right`, `level` ) VALUES (1, 0, 1, 2, 1) <No database selected>
[2012-02-29 13:08:59] SELECT `id` , `parent_id` , `position` , `left` , `right` , `level` , `title` , `type` FROM `tree` WHERE `id` = 0 <No database selected>
[2012-02-29 13:08:59] No query pending <No database selected>
[2012-02-29 13:08:59] nf: no result set <No database selected>
[2012-02-29 13:08:59] SELECT `id` , `parent_id` , `position` , `left` , `right` , `level` , `title` , `type` FROM `tree` WHERE `parent_id` = 0 ORDER BY `position` ASC <No database selected>
[2012-02-29 13:08:59] No query pending <No database selected>
[2012-02-29 13:08:59] SELECT `id` , `parent_id` , `position` , `left` , `right` , `level` , `title` , `type` FROM `tree` WHERE `id` = 2 <No database selected>
[2012-02-29 13:08:59] No query pending <No database selected>
[2012-02-29 13:08:59] nf: no result set <No database selected>
[2012-02-29 13:08:59] SELECT `id` , `parent_id` , `position` , `left` , `right` , `level` , `title` , `type` FROM `tree` WHERE `parent_id` = 2 ORDER BY `position` ASC <No database selected>
[2012-02-29 13:08:59] No query pending <No database selected>
[2012-02-29 13:08:59] UPDATE `tree` SET `position` = `position` + 1 WHERE `parent_id` = 2 AND `position` >= 0  AND `id` NOT IN (-1)  <No database selected>
[2012-02-29 13:08:59] UPDATE `tree` SET `left` = `left` + 2 WHERE `left` >= 1  AND `id` NOT IN (-1)  <No database selected>
[2012-02-29 13:08:59] UPDATE `tree` SET `right` = `right` + 2 WHERE `right` >= 1  AND `id` NOT IN (-1)  <No database selected>
[2012-02-29 13:08:59] INSERT INTO `tree` (`parent_id`, `position`, `left`, `right`, `level` ) VALUES (2, 0, 1, 2, 1) <No database selected>
[2012-02-29 13:08:59] SELECT `id` , `parent_id` , `position` , `left` , `right` , `level` , `title` , `type` FROM `tree` WHERE `id` = 0 <No database selected>
[2012-02-29 13:08:59] No query pending <No database selected>
[2012-02-29 13:08:59] nf: no result set <No database selected>
[2012-02-29 13:08:59] SELECT `id` , `parent_id` , `position` , `left` , `right` , `level` , `title` , `type` FROM `tree` WHERE `parent_id` = 0 ORDER BY `position` ASC <No database selected>
[2012-02-29 13:08:59] No query pending <No database selected>
[2012-02-29 13:08:59] SELECT `id` , `parent_id` , `position` , `left` , `right` , `level` , `title` , `type` FROM `tree` WHERE `id` = 2 <No database selected>
[2012-02-29 13:08:59] No query pending <No database selected>
[2012-02-29 13:08:59] nf: no result set <No database selected>
[2012-02-29 13:08:59] SELECT `id` , `parent_id` , `position` , `left` , `right` , `level` , `title` , `type` FROM `tree` WHERE `parent_id` = 2 ORDER BY `position` ASC <No database selected>
[2012-02-29 13:08:59] No query pending <No database selected>
[2012-02-29 13:08:59] UPDATE `tree` SET `position` = `position` + 1 WHERE `parent_id` = 2 AND `position` >= 0  AND `id` NOT IN (-1)  <No database selected>
[2012-02-29 13:08:59] UPDATE `tree` SET `left` = `left` + 2 WHERE `left` >= 1  AND `id` NOT IN (-1)  <No database selected>
[2012-02-29 13:08:59] UPDATE `tree` SET `right` = `right` + 2 WHERE `right` >= 1  AND `id` NOT IN (-1)  <No database selected>
[2012-02-29 13:08:59] INSERT INTO `tree` (`parent_id`, `position`, `left`, `right`, `level` ) VALUES (2, 0, 1, 2, 1) <No database selected>
[2012-02-29 13:08:59] SELECT `id` , `parent_id` , `position` , `left` , `right` , `level` , `title` , `type` FROM `tree` WHERE `id` = 0 <No database selected>
[2012-02-29 13:08:59] No query pending <No database selected>
[2012-02-29 13:08:59] nf: no result set <No database selected>
[2012-02-29 13:08:59] SELECT `id` , `parent_id` , `position` , `left` , `right` , `level` , `title` , `type` FROM `tree` WHERE `parent_id` = 0 ORDER BY `position` ASC <No database selected>
[2012-02-29 13:08:59] No query pending <No database selected>
[2012-02-29 13:08:59] SELECT `id` , `parent_id` , `position` , `left` , `right` , `level` , `title` , `type` FROM `tree` WHERE `id` = 4 <No database selected>
[2012-02-29 13:08:59] No query pending <No database selected>
[2012-02-29 13:08:59] nf: no result set <No database selected>
[2012-02-29 13:08:59] SELECT `id` , `parent_id` , `position` , `left` , `right` , `level` , `title` , `type` FROM `tree` WHERE `parent_id` = 4 ORDER BY `position` ASC <No database selected>
[2012-02-29 13:08:59] No query pending <No database selected>
[2012-02-29 13:08:59] UPDATE `tree` SET `position` = `position` + 1 WHERE `parent_id` = 4 AND `position` >= 0  AND `id` NOT IN (-1)  <No database selected>
[2012-02-29 13:08:59] UPDATE `tree` SET `left` = `left` + 2 WHERE `left` >= 1  AND `id` NOT IN (-1)  <No database selected>
[2012-02-29 13:08:59] UPDATE `tree` SET `right` = `right` + 2 WHERE `right` >= 1  AND `id` NOT IN (-1)  <No database selected>
[2012-02-29 13:08:59] INSERT INTO `tree` (`parent_id`, `position`, `left`, `right`, `level` ) VALUES (4, 0, 1, 2, 1) <No database selected>
[2012-02-29 13:08:59] SELECT `id` , `parent_id` , `position` , `left` , `right` , `level` , `title` , `type` FROM `tree` WHERE `id` = 0 <No database selected>
[2012-02-29 13:08:59] No query pending <No database selected>
[2012-02-29 13:08:59] nf: no result set <No database selected>
[2012-02-29 13:08:59] SELECT `id` , `parent_id` , `position` , `left` , `right` , `level` , `title` , `type` FROM `tree` WHERE `parent_id` = 0 ORDER BY `position` ASC <No database selected>
[2012-02-29 13:08:59] No query pending <No database selected>
[2012-02-29 13:08:59] SELECT `id` , `parent_id` , `position` , `left` , `right` , `level` , `title` , `type` FROM `tree` WHERE `id` = 5 <No database selected>
[2012-02-29 13:08:59] No query pending <No database selected>
[2012-02-29 13:08:59] nf: no result set <No database selected>
[2012-02-29 13:08:59] SELECT `id` , `parent_id` , `position` , `left` , `right` , `level` , `title` , `type` FROM `tree` WHERE `parent_id` = 5 ORDER BY `position` ASC <No database selected>
[2012-02-29 13:08:59] No query pending <No database selected>
[2012-02-29 13:08:59] UPDATE `tree` SET `position` = `position` + 1 WHERE `parent_id` = 5 AND `position` >= 0  AND `id` NOT IN (-1)  <No database selected>
[2012-02-29 13:08:59] UPDATE `tree` SET `left` = `left` + 2 WHERE `left` >= 1  AND `id` NOT IN (-1)  <No database selected>
[2012-02-29 13:08:59] UPDATE `tree` SET `right` = `right` + 2 WHERE `right` >= 1  AND `id` NOT IN (-1)  <No database selected>
[2012-02-29 13:08:59] INSERT INTO `tree` (`parent_id`, `position`, `left`, `right`, `level` ) VALUES (5, 0, 1, 2, 1) <No database selected>
[2012-02-29 13:08:59] SELECT `id` , `parent_id` , `position` , `left` , `right` , `level` , `title` , `type` FROM `tree` WHERE `parent_id` = 1 ORDER BY `position` ASC <No database selected>
[2012-02-29 13:08:59] No query pending <No database selected>
